# JRE version: OpenJDK Runtime Environment (8.0_152-b01) (build 1.8.0_152-release-1248-b01)
# Java VM: OpenJDK 64-Bit Server VM (25.152-b01 mixed mode windows-amd64 compressed oops)
Heap:
 PSYoungGen      total 322048K, used 69854K [0x00000000e0000000, 0x00000000fa900000, 0x0000000100000000)
  eden space 256000K, 26% used [0x00000000e0000000,0x00000000e42d7170,0x00000000efa00000)
  from space 66048K, 2% used [0x00000000efa00000,0x00000000efb608c0,0x00000000f3a80000)
  to   space 66048K, 0% used [0x00000000f6880000,0x00000000f6880000,0x00000000fa900000)
 ParOldGen       total 222208K, used 132193K [0x00000000a0000000, 0x00000000ad900000, 0x00000000e0000000)
  object space 222208K, 59% used [0x00000000a0000000,0x00000000a81186a0,0x00000000ad900000)
 Metaspace       used 97181K, capacity 102004K, committed 102144K, reserved 1138688K
  class space    used 12227K, capacity 13233K, committed 13312K, reserved 1048576K
GC Heap History (10 events):
Event: 6039.413 GC heap before
{Heap before GC invocations=38 (full 5):
 PSYoungGen      total 264192K, used 195970K [0x00000000e0000000, 0x00000000f4d00000, 0x0000000100000000)
  eden space 191488K, 100% used [0x00000000e0000000,0x00000000ebb00000,0x00000000ebb00000)
  from space 72704K, 6% used [0x00000000f0600000,0x00000000f0a608c0,0x00000000f4d00000)
  to   space 74752K, 0% used [0x00000000ebb00000,0x00000000ebb00000,0x00000000f0400000)
 ParOldGen       total 222208K, used 118716K [0x00000000a0000000, 0x00000000ad900000, 0x00000000e0000000)
  object space 222208K, 53% used [0x00000000a0000000,0x00000000a73ef230,0x00000000ad900000)
 Metaspace       used 92906K, capacity 96806K, committed 98432K, reserved 1134592K
  class space    used 11792K, capacity 12631K, committed 12928K, reserved 1048576K
Event: 6039.423 GC heap after
Heap after GC invocations=38 (full 5):
 PSYoungGen      total 266240K, used 6189K [0x00000000e0000000, 0x00000000f6c00000, 0x0000000100000000)
  eden space 191488K, 0% used [0x00000000e0000000,0x00000000e0000000,0x00000000ebb00000)
  from space 74752K, 8% used [0x00000000ebb00000,0x00000000ec10b458,0x00000000f0400000)
  to   space 73728K, 0% used [0x00000000f2400000,0x00000000f2400000,0x00000000f6c00000)
 ParOldGen       total 222208K, used 122527K [0x00000000a0000000, 0x00000000ad900000, 0x00000000e0000000)
  object space 222208K, 55% used [0x00000000a0000000,0x00000000a77a7eb8,0x00000000ad900000)
 Metaspace       used 92906K, capacity 96806K, committed 98432K, reserved 1134592K
  class space    used 11792K, capacity 12631K, committed 12928K, reserved 1048576K
}
Event: 6102.731 GC heap before
{Heap before GC invocations=39 (full 5):
 PSYoungGen      total 266240K, used 197677K [0x00000000e0000000, 0x00000000f6c00000, 0x0000000100000000)
  eden space 191488K, 100% used [0x00000000e0000000,0x00000000ebb00000,0x00000000ebb00000)
  from space 74752K, 8% used [0x00000000ebb00000,0x00000000ec10b458,0x00000000f0400000)
  to   space 73728K, 0% used [0x00000000f2400000,0x00000000f2400000,0x00000000f6c00000)
 ParOldGen       total 222208K, used 122527K [0x00000000a0000000, 0x00000000ad900000, 0x00000000e0000000)
  object space 222208K, 55% used [0x00000000a0000000,0x00000000a77a7eb8,0x00000000ad900000)
 Metaspace       used 96076K, capacity 100180K, committed 100736K, reserved 1136640K
  class space    used 12108K, capacity 13027K, committed 13184K, reserved 1048576K
Event: 6102.775 GC heap after
Heap after GC invocations=39 (full 5):
 PSYoungGen      total 289792K, used 11016K [0x00000000e0000000, 0x00000000f6580000, 0x0000000100000000)
  eden space 222720K, 0% used [0x00000000e0000000,0x00000000e0000000,0x00000000ed980000)
  from space 67072K, 16% used [0x00000000f2400000,0x00000000f2ec21e0,0x00000000f6580000)
  to   space 71680K, 0% used [0x00000000ed980000,0x00000000ed980000,0x00000000f1f80000)
 ParOldGen       total 222208K, used 123583K [0x00000000a0000000, 0x00000000ad900000, 0x00000000e0000000)
  object space 222208K, 55% used [0x00000000a0000000,0x00000000a78afed8,0x00000000ad900000)
 Metaspace       used 96076K, capacity 100180K, committed 100736K, reserved 1136640K
  class space    used 12108K, capacity 13027K, committed 13184K, reserved 1048576K
}
Event: 6152.149 GC heap before
{Heap before GC invocations=40 (full 5):
 PSYoungGen      total 289792K, used 228023K [0x00000000e0000000, 0x00000000f6580000, 0x0000000100000000)
  eden space 222720K, 97% used [0x00000000e0000000,0x00000000ed3ebc88,0x00000000ed980000)
  from space 67072K, 16% used [0x00000000f2400000,0x00000000f2ec21e0,0x00000000f6580000)
  to   space 71680K, 0% used [0x00000000ed980000,0x00000000ed980000,0x00000000f1f80000)
 ParOldGen       total 222208K, used 123583K [0x00000000a0000000, 0x00000000ad900000, 0x00000000e0000000)
  object space 222208K, 55% used [0x00000000a0000000,0x00000000a78afed8,0x00000000ad900000)
 Metaspace       used 96730K, capacity 101152K, committed 101504K, reserved 1138688K
  class space    used 12161K, capacity 13113K, committed 13184K, reserved 1048576K
Event: 6152.164 GC heap after
Heap after GC invocations=40 (full 5):
 PSYoungGen      total 294400K, used 23979K [0x00000000e0000000, 0x00000000f7c00000, 0x0000000100000000)
  eden space 222720K, 0% used [0x00000000e0000000,0x00000000e0000000,0x00000000ed980000)
  from space 71680K, 33% used [0x00000000ed980000,0x00000000ef0eaed8,0x00000000f1f80000)
  to   space 67072K, 0% used [0x00000000f3a80000,0x00000000f3a80000,0x00000000f7c00000)
 ParOldGen       total 222208K, used 126387K [0x00000000a0000000, 0x00000000ad900000, 0x00000000e0000000)
  object space 222208K, 56% used [0x00000000a0000000,0x00000000a7b6cdd8,0x00000000ad900000)
 Metaspace       used 96730K, capacity 101152K, committed 101504K, reserved 1138688K
  class space    used 12161K, capacity 13113K, committed 13184K, reserved 1048576K
}
Event: 6153.444 GC heap before
{Heap before GC invocations=41 (full 5):
 PSYoungGen      total 294400K, used 216202K [0x00000000e0000000, 0x00000000f7c00000, 0x0000000100000000)
  eden space 222720K, 86% used [0x00000000e0000000,0x00000000ebbb7978,0x00000000ed980000)
  from space 71680K, 33% used [0x00000000ed980000,0x00000000ef0eaed8,0x00000000f1f80000)
  to   space 67072K, 0% used [0x00000000f3a80000,0x00000000f3a80000,0x00000000f7c00000)
 ParOldGen       total 222208K, used 126387K [0x00000000a0000000, 0x00000000ad900000, 0x00000000e0000000)
  object space 222208K, 56% used [0x00000000a0000000,0x00000000a7b6cdd8,0x00000000ad900000)
 Metaspace       used 96741K, capacity 101152K, committed 101504K, reserved 1138688K
  class space    used 12161K, capacity 13113K, committed 13184K, reserved 1048576K
Event: 6153.512 GC heap after
Heap after GC invocations=41 (full 5):
 PSYoungGen      total 323072K, used 32912K [0x00000000e0000000, 0x00000000f8580000, 0x0000000100000000)
  eden space 256000K, 0% used [0x00000000e0000000,0x00000000e0000000,0x00000000efa00000)
  from space 67072K, 49% used [0x00000000f3a80000,0x00000000f5aa40b0,0x00000000f7c00000)
  to   space 66048K, 0% used [0x00000000efa00000,0x00000000efa00000,0x00000000f3a80000)
 ParOldGen       total 222208K, used 132169K [0x00000000a0000000, 0x00000000ad900000, 0x00000000e0000000)
  object space 222208K, 59% used [0x00000000a0000000,0x00000000a81126a0,0x00000000ad900000)
 Metaspace       used 96741K, capacity 101152K, committed 101504K, reserved 1138688K
  class space    used 12161K, capacity 13113K, committed 13184K, reserved 1048576K
}
Event: 6335.652 GC heap before
{Heap before GC invocations=42 (full 5):
 PSYoungGen      total 323072K, used 288912K [0x00000000e0000000, 0x00000000f8580000, 0x0000000100000000)
  eden space 256000K, 100% used [0x00000000e0000000,0x00000000efa00000,0x00000000efa00000)
  from space 67072K, 49% used [0x00000000f3a80000,0x00000000f5aa40b0,0x00000000f7c00000)
  to   space 66048K, 0% used [0x00000000efa00000,0x00000000efa00000,0x00000000f3a80000)
 ParOldGen       total 222208K, used 132169K [0x00000000a0000000, 0x00000000ad900000, 0x00000000e0000000)
  object space 222208K, 59% used [0x00000000a0000000,0x00000000a81126a0,0x00000000ad900000)
 Metaspace       used 97124K, capacity 101876K, committed 102144K, reserved 1138688K
  class space    used 12221K, capacity 13223K, committed 13312K, reserved 1048576K
Event: 6335.662 GC heap after
Heap after GC invocations=42 (full 5):
 PSYoungGen      total 322048K, used 1410K [0x00000000e0000000, 0x00000000fa900000, 0x0000000100000000)
  eden space 256000K, 0% used [0x00000000e0000000,0x00000000e0000000,0x00000000efa00000)
  from space 66048K, 2% used [0x00000000efa00000,0x00000000efb608c0,0x00000000f3a80000)
  to   space 66048K, 0% used [0x00000000f6880000,0x00000000f6880000,0x00000000fa900000)
 ParOldGen       total 222208K, used 132193K [0x00000000a0000000, 0x00000000ad900000, 0x00000000e0000000)
  object space 222208K, 59% used [0x00000000a0000000,0x00000000a81186a0,0x00000000ad900000)
 Metaspace       used 97124K, capacity 101876K, committed 102144K, reserved 1138688K
  class space    used 12221K, capacity 13223K, committed 13312K, reserved 1048576K
}

